<?xml version="1.0" encoding="UTF-8"?>
<!-- Generated by org.testng.reporters.JUnitReportReporter -->
<testsuite hostname="DESKTOP-VAC88UU" failures="0" tests="1" name="Practise.testNg" time="0.013" errors="0" timestamp="2023-03-23T16:51:28 IST" skipped="0">
  <testcase classname="Practise.testNg" name="testScript" time="0.013"/>
  <system-out/>
</testsuite> <!-- Practise.testNg -->
