<?xml version="1.0" encoding="UTF-8"?>
<!-- Generated by org.testng.reporters.JUnitReportReporter -->
<testsuite hostname="DESKTOP-VAC88UU" failures="0" tests="2" name="BatchExecution.Execution_2" time="0.035" errors="0" timestamp="2023-03-27T17:27:28 IST" skipped="0">
  <testcase classname="BatchExecution.Execution_2" name="Script3" time="0.026"/>
  <system-out/>
  <testcase classname="BatchExecution.Execution_2" name="Script4" time="0.009"/>
  <system-out/>
</testsuite> <!-- BatchExecution.Execution_2 -->
