<?xml version="1.0" encoding="UTF-8"?>
<!-- Generated by org.testng.reporters.JUnitReportReporter -->
<testsuite hostname="DESKTOP-VAC88UU" failures="0" tests="2" name="parallelExecution.Execution_2" time="0.037" errors="0" timestamp="2023-03-28T09:31:54 IST" skipped="0">
  <testcase classname="parallelExecution.Execution_2" name="Script3" time="0.034"/>
  <system-out/>
  <testcase classname="parallelExecution.Execution_2" name="Script4" time="0.003"/>
  <system-out/>
</testsuite> <!-- parallelExecution.Execution_2 -->
