<?xml version="1.0" encoding="UTF-8"?>
<!-- Generated by org.testng.reporters.JUnitReportReporter -->
<testsuite hostname="DESKTOP-VAC88UU" failures="0" tests="2" name="parallelExecution.Exection_3" time="0.050" errors="0" timestamp="2023-03-28T09:31:55 IST" skipped="0">
  <testcase classname="parallelExecution.Exection_3" name="Script6" time="0.016"/>
  <system-out/>
  <testcase classname="parallelExecution.Exection_3" name="Script5" time="0.034"/>
  <system-out/>
</testsuite> <!-- parallelExecution.Exection_3 -->
