<?xml version="1.0" encoding="UTF-8"?>
<!-- Generated by org.testng.reporters.JUnitReportReporter -->
<testsuite hostname="DESKTOP-VAC88UU" failures="0" tests="2" name="Practise.dataprovider" time="0.022" errors="0" timestamp="2023-03-23T16:53:40 IST" skipped="0">
  <testcase classname="Practise.dataprovider" name="AreaDetail" time="0.002"/>
  <system-out/>
  <testcase classname="Practise.dataprovider" name="AreaDetail" time="0.020"/>
  <system-out/>
</testsuite> <!-- Practise.dataprovider -->
