<?xml version="1.0" encoding="UTF-8"?>
<!-- Generated by org.testng.reporters.JUnitReportReporter -->
<testsuite hostname="DESKTOP-VAC88UU" failures="0" tests="2" name="BatchExecution.Exection_3" time="0.024" errors="0" timestamp="2023-03-27T17:27:45 IST" skipped="0">
  <testcase classname="BatchExecution.Exection_3" name="Script5" time="0.021"/>
  <system-out/>
  <testcase classname="BatchExecution.Exection_3" name="Script6" time="0.003"/>
  <system-out/>
</testsuite> <!-- BatchExecution.Exection_3 -->
