<?xml version="1.0" encoding="UTF-8"?>
<!-- Generated by org.testng.reporters.JUnitReportReporter -->
<testsuite hostname="DESKTOP-VAC88UU" failures="0" tests="2" name="parallelExecution.Exection_4" time="0.039" errors="0" timestamp="2023-03-28T09:31:54 IST" skipped="0">
  <testcase classname="parallelExecution.Exection_4" name="Script8" time="0.002"/>
  <system-out/>
  <testcase classname="parallelExecution.Exection_4" name="Script7" time="0.037"/>
  <system-out/>
</testsuite> <!-- parallelExecution.Exection_4 -->
