<?xml version="1.0" encoding="UTF-8"?>
<!-- Generated by org.testng.reporters.JUnitReportReporter -->
<testsuite hostname="DESKTOP-VAC88UU" failures="0" tests="2" name="groupExecution.Exection_3" time="0.005" errors="0" timestamp="2023-03-27T17:29:41 IST" skipped="0">
  <testcase classname="groupExecution.Exection_3" name="Script6" time="0.002"/>
  <system-out/>
  <testcase classname="groupExecution.Exection_3" name="Script5" time="0.003"/>
  <system-out/>
</testsuite> <!-- groupExecution.Exection_3 -->
