<?xml version="1.0" encoding="UTF-8"?>
<!-- Generated by org.testng.reporters.JUnitReportReporter -->
<testsuite hostname="DESKTOP-VAC88UU" failures="0" tests="2" name="BatchExecution.Exection_4" time="0.026" errors="0" timestamp="2023-03-27T17:28:09 IST" skipped="0">
  <testcase classname="BatchExecution.Exection_4" name="Script7" time="0.024"/>
  <system-out/>
  <testcase classname="BatchExecution.Exection_4" name="Script8" time="0.002"/>
  <system-out/>
</testsuite> <!-- BatchExecution.Exection_4 -->
