<?xml version="1.0" encoding="UTF-8"?>
<!-- Generated by org.testng.reporters.JUnitReportReporter -->
<testsuite hostname="DESKTOP-VAC88UU" failures="0" tests="2" name="parallelExecution.batchExecution" time="0.041" errors="0" timestamp="2023-03-28T09:31:54 IST" skipped="0">
  <testcase classname="parallelExecution.batchExecution" name="Script1" time="0.029"/>
  <system-out/>
  <testcase classname="parallelExecution.batchExecution" name="Script2" time="0.012"/>
  <system-out/>
</testsuite> <!-- parallelExecution.batchExecution -->
