<?xml version="1.0" encoding="UTF-8"?>
<!-- Generated by org.testng.reporters.JUnitReportReporter -->
<testsuite hostname="DESKTOP-VAC88UU" failures="0" tests="2" name="BatchExecution.batchExecution" time="0.026" errors="0" timestamp="2023-03-27T17:26:26 IST" skipped="0">
  <testcase classname="BatchExecution.batchExecution" name="Script1" time="0.023"/>
  <system-out/>
  <testcase classname="BatchExecution.batchExecution" name="Script2" time="0.003"/>
  <system-out/>
</testsuite> <!-- BatchExecution.batchExecution -->
