<?xml version="1.0" encoding="UTF-8"?>
<!-- Generated by org.testng.reporters.JUnitReportReporter -->
<testsuite hostname="DESKTOP-VAC88UU" failures="0" tests="2" name="groupExecution.Execution_2" time="0.024" errors="0" timestamp="2023-03-27T17:29:41 IST" skipped="0">
  <testcase classname="groupExecution.Execution_2" name="Script4" time="0.003"/>
  <system-out/>
  <testcase classname="groupExecution.Execution_2" name="Script3" time="0.021"/>
  <system-out/>
</testsuite> <!-- groupExecution.Execution_2 -->
