<?xml version="1.0" encoding="UTF-8"?>
<!-- Generated by org.testng.reporters.JUnitReportReporter -->
<testsuite hostname="DESKTOP-VAC88UU" failures="0" tests="2" name="Practise.testDataprovider" time="0.031" errors="0" timestamp="2023-03-24T10:50:09 IST" skipped="0">
  <testcase classname="Practise.testDataprovider" name="AreaDetail" time="0.006"/>
  <system-out/>
  <testcase classname="Practise.testDataprovider" name="AreaDetail" time="0.025"/>
  <system-out/>
</testsuite> <!-- Practise.testDataprovider -->
