<?xml version="1.0" encoding="UTF-8"?>
<!-- Generated by org.testng.reporters.JUnitReportReporter -->
<testsuite hostname="DESKTOP-VAC88UU" failures="0" tests="2" name="groupExecution.Exection_4" time="0.004" errors="0" timestamp="2023-03-27T17:29:41 IST" skipped="0">
  <testcase classname="groupExecution.Exection_4" name="Script8" time="0.002"/>
  <system-out/>
  <testcase classname="groupExecution.Exection_4" name="Script7" time="0.002"/>
  <system-out/>
</testsuite> <!-- groupExecution.Exection_4 -->
